{"level":"info","message":"Select*from user","time":"9:30:19"}
{"level":"info","message":"Select*from user","time":"9:30:19"}
{"0":{"time":"9:30:19"},"1":{"id":"24"},"level":"info","message":"Select*from user where id_user = "}
{"level":"info","message":"SELECT idrental, r.id_user, r.id_vehicle, name, mobile, name_vehicle, numb_regist, total, avatar, rentdate, returndate, state, deleted_rental, deleted_rental_at FROM rental r, user u, vehicle v WHERE u.id_user = r.id_user AND v.id_vehicle = r.id_vehicle AND deleted_rental = 0 AND state = 0 ORDER BY `idrental` DESC","time":"9:30:19"}
{"level":"info","message":"Select*from user","time":"9:30:19"}
{"level":"info","message":"Select*from user","time":"9:30:19"}
{"0":{"time":"9:30:19"},"1":{"id":"29"},"level":"info","message":"Select*from user where id_user = "}
{"0":{"time":"9:30:19"},"1":{"id":"29"},"level":"info","message":"Select*from user where id_user = "}
{"level":"info","message":"SELECT idrental, r.id_user, r.id_vehicle, name, mobile, name_vehicle, numb_regist, total, avatar, rentdate, returndate, state, deleted_rental, deleted_rental_at FROM rental r, user u, vehicle v WHERE u.id_user = r.id_user AND v.id_vehicle = r.id_vehicle AND deleted_rental = 0 AND state = 0 ORDER BY `idrental` DESC","time":"9:30:19"}
{"level":"info","message":"SELECT * FROM rental","time":"9:43:28"}
{"level":"info","message":"SELECT * FROM rental","time":"9:43:28"}
{"0":{"search":"a"},"1":{"time":"9:43:28"},"level":"info","message":"SELECT idrental, r.id_user, r.id_vehicle, name, mobile, name_vehicle, numb_regist, total, avatar, delete_rental, deleted_rental_at FROM rental r, user u, vehicle v WHERE u.id_user = r.id_user AND v.id_vehicle = r.id_vehicle AND name LIKE \"%\"?\"%\" OR mobile LIKE \"%\"?\"%\" OR rent_price LIKE \"%\"?\"%\" OR numb_regist LIKE \"%\"?\"%\" ORDER BY `idrental` DESC"}
{"level":"info","message":"SELECT * FROM rental","time":"9:43:28"}
{"level":"info","message":"SELECT * FROM rental","time":"11:55:19"}
{"level":"info","message":"SELECT * FROM rental","time":"11:55:19"}
{"level":"info","message":"SELECT * FROM rental","time":"11:55:19"}
{"level":"info","message":"SELECT * FROM rental","time":"11:55:19"}
{"level":"info","message":"SELECT * FROM rental","time":"11:55:19"}
{"level":"info","message":"SELECT * FROM rental","time":"11:55:19"}
{"level":"info","message":"SELECT * FROM rental","time":"11:55:19"}
{"level":"info","message":"SELECT * FROM rental","time":"11:55:19"}
{"level":"info","message":"SELECT idrental, r.id_user, r.id_vehicle, name, mobile, name_vehicle, numb_regist, total, avatar, rentdate, returndate, state, deleted_rental, deleted_rental_at ","time":"11:59:33"}
{"level":"info","message":"SELECT idrental, r.id_user, r.id_vehicle, name, mobile, name_vehicle, numb_regist, total, avatar, rentdate, returndate, state, deleted_rental, deleted_rental_at ","time":"11:59:33"}
{"level":"info","message":"SELECT idrental, r.id_user, r.id_vehicle, name, mobile, name_vehicle, numb_regist, total, avatar, rentdate, returndate, state, deleted_rental, deleted_rental_at ","time":"11:59:33"}
{"level":"info","message":"SELECT idrental, r.id_user, r.id_vehicle, name, mobile, name_vehicle, numb_regist, total, avatar, rentdate, returndate, state, deleted_rental, deleted_rental_at ","time":"11:59:33"}
{"level":"info","message":"SELECT idrental, r.id_user, r.id_vehicle, name, mobile, name_vehicle, numb_regist, total, avatar, rentdate, returndate, state, deleted_rental, deleted_rental_at FROM rental r, user u, vehicle v WHERE r.id_user = u.id_user AND r.id_vehicle = v.id_vehicle ORDER BY `idrental` DESC","time":"12:0:59"}
{"level":"info","message":"SELECT idrental, r.id_user, r.id_vehicle, name, mobile, name_vehicle, numb_regist, total, avatar, rentdate, returndate, state, deleted_rental, deleted_rental_at FROM rental r, user u, vehicle v WHERE r.id_user = u.id_user AND r.id_vehicle = v.id_vehicle ORDER BY `idrental` DESC","time":"12:0:59"}
{"0":{"search":"Le"},"1":{"time":"12:3:10"},"level":"info","message":"SELECT idrental, r.id_user, r.id_vehicle, name, mobile, name_vehicle, numb_regist, total, avatar, delete_rental, deleted_rental_at FROM rental r, user u, vehicle v WHERE u.id_user = r.id_user AND v.id_vehicle = r.id_vehicle AND name LIKE \"%\"?\"%\" OR mobile LIKE \"%\"?\"%\" OR rent_price LIKE \"%\"?\"%\" OR numb_regist LIKE \"%\"?\"%\" ORDER BY `idrental` DESC"}
{"0":{"search":"Le"},"1":{"time":"12:3:10"},"level":"info","message":"SELECT idrental, r.id_user, r.id_vehicle, name, mobile, name_vehicle, numb_regist, total, avatar, delete_rental, deleted_rental_at FROM rental r, user u, vehicle v WHERE u.id_user = r.id_user AND v.id_vehicle = r.id_vehicle AND name LIKE \"%\"?\"%\" OR mobile LIKE \"%\"?\"%\" OR rent_price LIKE \"%\"?\"%\" OR numb_regist LIKE \"%\"?\"%\" ORDER BY `idrental` DESC"}
{"level":"info","message":"SELECT idrental, r.id_user, r.id_vehicle, name, mobile, name_vehicle, numb_regist, total, avatar, rentdate, returndate, state, deleted_rental, deleted_rental_at FROM rental r, user u, vehicle v WHERE r.id_user = u.id_user AND r.id_vehicle = v.id_vehicle AND deleted_rental = 0 ORDER BY `idrental` DESC","time":"12:3:10"}
{"level":"info","message":"SELECT idrental, r.id_user, r.id_vehicle, name, mobile, name_vehicle, numb_regist, total, avatar, rentdate, returndate, state, deleted_rental, deleted_rental_at FROM rental r, user u, vehicle v WHERE r.id_user = u.id_user AND r.id_vehicle = v.id_vehicle AND deleted_rental = 0 ORDER BY `idrental` DESC","time":"12:3:10"}
{"level":"info","message":"SELECT idrental, r.id_user, r.id_vehicle, name, mobile, name_vehicle, numb_regist, total, avatar, rentdate, returndate, state, deleted_rental, deleted_rental_at FROM rental r, user u, vehicle v WHERE r.id_user = u.id_user AND r.id_vehicle = v.id_vehicle AND deleted_rental = 0 ORDER BY `idrental` DESC","time":"12:3:10"}
{"level":"info","message":"Select*from user","time":"12:3:10"}
{"level":"info","message":"Select*from user","time":"12:3:10"}
{"level":"info","message":"SELECT idrental, r.id_user, r.id_vehicle, name, mobile, name_vehicle, numb_regist, total, avatar, rentdate, returndate, state, deleted_rental, deleted_rental_at FROM rental r, user u, vehicle v WHERE r.id_user = u.id_user AND r.id_vehicle = v.id_vehicle AND deleted_rental = 0 ORDER BY `idrental` DESC","time":"12:3:10"}
{"0":{"search":"Y"},"1":{"time":"12:3:10"},"level":"info","message":"SELECT idrental, r.id_user, r.id_vehicle, name, mobile, name_vehicle, numb_regist, total, avatar, delete_rental, deleted_rental_at FROM rental r, user u, vehicle v WHERE u.id_user = r.id_user AND v.id_vehicle = r.id_vehicle AND name LIKE \"%\"?\"%\" OR mobile LIKE \"%\"?\"%\" OR rent_price LIKE \"%\"?\"%\" OR numb_regist LIKE \"%\"?\"%\" ORDER BY `idrental` DESC"}
{"0":{"search":"Y"},"1":{"time":"12:3:10"},"level":"info","message":"SELECT idrental, r.id_user, r.id_vehicle, name, mobile, name_vehicle, numb_regist, total, avatar, delete_rental, deleted_rental_at FROM rental r, user u, vehicle v WHERE u.id_user = r.id_user AND v.id_vehicle = r.id_vehicle AND name LIKE \"%\"?\"%\" OR mobile LIKE \"%\"?\"%\" OR rent_price LIKE \"%\"?\"%\" OR numb_regist LIKE \"%\"?\"%\" ORDER BY `idrental` DESC"}
{"level":"info","message":"SELECT idrental, r.id_user, r.id_vehicle, name, mobile, name_vehicle, numb_regist, total, avatar, rentdate, returndate, state, deleted_rental, deleted_rental_at FROM rental r, user u, vehicle v WHERE r.id_user = u.id_user AND r.id_vehicle = v.id_vehicle AND deleted_rental = 0 ORDER BY `idrental` DESC","time":"12:3:10"}
{"level":"info","message":"SELECT idrental, r.id_user, r.id_vehicle, name, mobile, name_vehicle, numb_regist, total, avatar, rentdate, returndate, state, deleted_rental, deleted_rental_at FROM rental r, user u, vehicle v WHERE r.id_user = u.id_user AND r.id_vehicle = v.id_vehicle AND deleted_rental = 0 ORDER BY `idrental` DESC","time":"12:3:10"}
{"0":{"search":"y"},"1":{"time":"12:3:10"},"level":"info","message":"SELECT idrental, r.id_user, r.id_vehicle, name, mobile, name_vehicle, numb_regist, total, avatar, delete_rental, deleted_rental_at FROM rental r, user u, vehicle v WHERE u.id_user = r.id_user AND v.id_vehicle = r.id_vehicle AND name LIKE \"%\"?\"%\" OR mobile LIKE \"%\"?\"%\" OR rent_price LIKE \"%\"?\"%\" OR numb_regist LIKE \"%\"?\"%\" ORDER BY `idrental` DESC"}
{"0":{"search":"y"},"1":{"time":"12:3:10"},"level":"info","message":"SELECT idrental, r.id_user, r.id_vehicle, name, mobile, name_vehicle, numb_regist, total, avatar, delete_rental, deleted_rental_at FROM rental r, user u, vehicle v WHERE u.id_user = r.id_user AND v.id_vehicle = r.id_vehicle AND name LIKE \"%\"?\"%\" OR mobile LIKE \"%\"?\"%\" OR rent_price LIKE \"%\"?\"%\" OR numb_regist LIKE \"%\"?\"%\" ORDER BY `idrental` DESC"}
{"level":"info","message":"SELECT idrental, r.id_user, r.id_vehicle, name, mobile, name_vehicle, numb_regist, total, avatar, rentdate, returndate, state, deleted_rental, deleted_rental_at FROM rental r, user u, vehicle v WHERE r.id_user = u.id_user AND r.id_vehicle = v.id_vehicle AND deleted_rental = 0 ORDER BY `idrental` DESC","time":"12:3:10"}
{"level":"info","message":"SELECT idrental, r.id_user, r.id_vehicle, name, mobile, name_vehicle, numb_regist, total, avatar, rentdate, returndate, state, deleted_rental, deleted_rental_at FROM rental r, user u, vehicle v WHERE r.id_user = u.id_user AND r.id_vehicle = v.id_vehicle AND deleted_rental = 0 ORDER BY `idrental` DESC","time":"12:22:6"}
{"0":{"search":"a"},"1":{"time":"12:22:6"},"level":"info","message":"SELECT idrental, r.id_user, r.id_vehicle, name, mobile, name_vehicle, numb_regist, total, avatar, delete_rental, deleted_rental_at FROM rental r, user u, vehicle v WHERE u.id_user = r.id_user AND v.id_vehicle = r.id_vehicle AND name LIKE \"%\"?\"%\" OR mobile LIKE \"%\"?\"%\" OR rent_price LIKE \"%\"?\"%\" OR numb_regist LIKE \"%\"?\"%\" ORDER BY `idrental` DESC"}
{"level":"info","message":"SELECT idrental, r.id_user, r.id_vehicle, name, mobile, name_vehicle, numb_regist, total, avatar, rentdate, returndate, state, deleted_rental, deleted_rental_at FROM rental r, user u, vehicle v WHERE r.id_user = u.id_user AND r.id_vehicle = v.id_vehicle AND deleted_rental = 0 ORDER BY `idrental` DESC","time":"12:22:6"}
{"0":{"search":"y"},"1":{"time":"12:22:6"},"level":"info","message":"SELECT idrental, r.id_user, r.id_vehicle, name, mobile, name_vehicle, numb_regist, total, avatar, delete_rental, deleted_rental_at FROM rental r, user u, vehicle v WHERE u.id_user = r.id_user AND v.id_vehicle = r.id_vehicle AND name LIKE \"%\"?\"%\" OR mobile LIKE \"%\"?\"%\" OR rent_price LIKE \"%\"?\"%\" OR numb_regist LIKE \"%\"?\"%\" ORDER BY `idrental` DESC"}
{"level":"info","message":"SELECT idrental, r.id_user, r.id_vehicle, name, mobile, name_vehicle, numb_regist, total, avatar, rentdate, returndate, state, deleted_rental, deleted_rental_at FROM rental r, user u, vehicle v WHERE r.id_user = u.id_user AND r.id_vehicle = v.id_vehicle AND deleted_rental = 0 ORDER BY `idrental` DESC","time":"12:22:6"}
