{"level":"info","message":"Select*from vehicle","time":"16:45:21"}
{"level":"info","message":"Select*from vehicle","time":"16:45:21"}
{"level":"info","message":"Select*from user","time":"16:45:21"}
{"level":"info","message":"Select*from user","time":"16:45:21"}
{"0":{"time":"16:45:21"},"1":{"id":"11"},"level":"info","message":"Select*from user where id_user = "}
{"level":"info","message":"Select*from user","time":"16:45:21"}
{"0":"d28c51d5-8022-45ec-b254-1bb65092d9c8.png","level":"info","message":"image upload: "}
{"0":{"id":"11"},"level":"info","message":"id_user change avatar"}
{"0":{"time":"16:45:21"},"1":{"input":{"avatar":"d28c51d5-8022-45ec-b254-1bb65092d9c8.png","id":"11"}},"level":"info","message":"UPDATE user SET avatar = ? WHERE id_user = ? "}
{"level":"info","message":"Select*from user","time":"16:45:21"}
{"0":{"time":"16:45:21"},"1":{"id":"21"},"level":"info","message":"Select*from user where id_user = "}
{"level":"info","message":"Select*from user","time":"16:45:21"}
{"0":{"time":"16:45:21"},"1":{"id":"11"},"level":"info","message":"Select*from user where id_user = "}
{"0":{"time":"16:45:21"},"1":{"id":"21"},"level":"info","message":"Select*from user where id_user = "}
{"level":"info","message":"Select*from user","time":"16:45:21"}
{"0":"832bffab-e643-4ef7-b7ae-d5dae0aade5b.png","level":"info","message":"image upload: "}
{"0":{"id":"21"},"level":"info","message":"id_user change avatar"}
{"0":{"time":"16:45:21"},"1":{"input":{"avatar":"832bffab-e643-4ef7-b7ae-d5dae0aade5b.png","id":"21"}},"level":"info","message":"UPDATE user SET avatar = ? WHERE id_user = ? "}
{"level":"info","message":"Select*from user","time":"16:45:21"}
{"level":"info","message":"Select*from user","time":"16:45:21"}
{"level":"info","message":"Select*from user","time":"16:45:21"}
{"0":{"time":"16:45:21"},"1":{"id":"11"},"level":"info","message":"Select*from user where id_user = "}
{"level":"info","message":"Select*from user","time":"16:45:21"}
{"level":"info","message":"SELECT idrental, r.id_user, r.id_vehicle, name, mobile, name_vehicle, numb_regist, rent_price, avatar, rentdate, returndate, delete_rental, deleted_rental_at FROM rental r, user u, vehicle v WHERE u.id_user = r.id_user AND v.id_vehicle = r.id_vehicle AND delete_rental = 0 ORDER BY `idrental` DESC","time":"16:45:21"}
{"level":"info","message":"SELECT idrental, r.id_user, r.id_vehicle, name, mobile, name_vehicle, numb_regist, rent_price, avatar, rentdate, returndate, delete_rental, deleted_rental_at FROM rental r, user u, vehicle v WHERE u.id_user = r.id_user AND v.id_vehicle = r.id_vehicle AND delete_rental = 0 ORDER BY `idrental` DESC","time":"16:45:21"}
{"level":"info","message":"SELECT idrental, r.id_user, r.id_vehicle, name, mobile, name_vehicle, numb_regist, rent_price, avatar, rentdate, returndate, delete_rental, deleted_rental_at FROM rental r, user u, vehicle v WHERE u.id_user = r.id_user AND v.id_vehicle = r.id_vehicle AND delete_rental = 0 ORDER BY `idrental` DESC","time":"16:45:21"}
{"level":"info","message":"SELECT idrental, r.id_user, r.id_vehicle, name, mobile, name_vehicle, numb_regist, rent_price, avatar, rentdate, returndate, delete_rental, deleted_rental_at FROM rental r, user u, vehicle v WHERE u.id_user = r.id_user AND v.id_vehicle = r.id_vehicle AND delete_rental = 0 ORDER BY `idrental` DESC","time":"16:45:21"}
{"level":"info","message":"SELECT idrental, r.id_user, r.id_vehicle, name, mobile, name_vehicle, numb_regist, rent_price, avatar, rentdate, returndate, delete_rental, deleted_rental_at FROM rental r, user u, vehicle v WHERE u.id_user = r.id_user AND v.id_vehicle = r.id_vehicle AND delete_rental = 0 ORDER BY `idrental` DESC","time":"16:45:21"}
{"level":"info","message":"SELECT idrental, r.id_user, r.id_vehicle, name, mobile, name_vehicle, numb_regist, rent_price, avatar, rentdate, returndate, delete_rental, deleted_rental_at FROM rental r, user u, vehicle v WHERE u.id_user = r.id_user AND v.id_vehicle = r.id_vehicle AND delete_rental = 0 ORDER BY `idrental` DESC","time":"16:45:21"}
{"level":"info","message":"Select*from user","time":"16:45:21"}
{"level":"info","message":"SELECT idrental, r.id_user, r.id_vehicle, name, mobile, name_vehicle, numb_regist, rent_price, avatar, rentdate, returndate, delete_rental, deleted_rental_at FROM rental r, user u, vehicle v WHERE u.id_user = r.id_user AND v.id_vehicle = r.id_vehicle AND delete_rental = 0 ORDER BY `idrental` DESC","time":"16:45:21"}
{"level":"info","message":"SELECT idrental, r.id_user, r.id_vehicle, name, mobile, name_vehicle, numb_regist, rent_price, avatar, rentdate, returndate, delete_rental, deleted_rental_at FROM rental r, user u, vehicle v WHERE u.id_user = r.id_user AND v.id_vehicle = r.id_vehicle AND delete_rental = 0 ORDER BY `idrental` DESC","time":"16:45:21"}
{"level":"info","message":"SELECT idrental, r.id_user, r.id_vehicle, name, mobile, name_vehicle, numb_regist, rent_price, avatar, rentdate, returndate, deleted_rental, deleted_rental_at FROM rental r, user u, vehicle v WHERE u.id_user = r.id_user AND v.id_vehicle = r.id_vehicle AND deleted_rental = 0 ORDER BY `idrental` DESC","time":"16:59:56"}
{"level":"info","message":"SELECT idrental, r.id_user, r.id_vehicle, name, mobile, name_vehicle, numb_regist, rent_price, avatar, rentdate, returndate, deleted_rental, deleted_rental_at FROM rental r, user u, vehicle v WHERE u.id_user = r.id_user AND v.id_vehicle = r.id_vehicle AND deleted_rental = 0 ORDER BY `idrental` DESC","time":"16:59:56"}
{"level":"info","message":"SELECT idrental, r.id_user, r.id_vehicle, name, mobile, name_vehicle, numb_regist, rent_price, avatar, rentdate, returndate, deleted_rental, deleted_rental_at FROM rental r, user u, vehicle v WHERE u.id_user = r.id_user AND v.id_vehicle = r.id_vehicle AND deleted_rental = 0 ORDER BY `idrental` DESC","time":"16:59:56"}
