{"level":"info","message":"SELECT idrental, r.id_user, r.id_vehicle, name, mobile, name_vehicle, numb_regist, rent_price, avatar, rentdate, returndate, state, deleted_rental, deleted_rental_at FROM rental r, user u, vehicle v WHERE u.id_user = r.id_user AND v.id_vehicle = r.id_vehicle AND deleted_rental = 0 AND state = 0 ORDER BY `idrental` DESC","time":"9:47:8"}
{"level":"info","message":"Select*from user","time":"9:47:8"}
{"level":"info","message":"Select*from user","time":"9:47:41"}
{"level":"info","message":"SELECT idrental, r.id_user, r.id_vehicle, name, mobile, name_vehicle, numb_regist, rent_price, avatar, rentdate, returndate, state, deleted_rental, deleted_rental_at FROM rental r, user u, vehicle v WHERE u.id_user = r.id_user AND v.id_vehicle = r.id_vehicle AND deleted_rental = 0 AND state = 0 ORDER BY `idrental` DESC","time":"9:47:41"}
{"level":"info","message":"SELECT idrental, r.id_user, r.id_vehicle, name, mobile, name_vehicle, numb_regist, rent_price, avatar, rentdate, returndate, state, deleted_rental, deleted_rental_at FROM rental r, user u, vehicle v WHERE u.id_user = r.id_user AND v.id_vehicle = r.id_vehicle AND deleted_rental = 0 AND state = 0 ORDER BY `idrental` DESC","time":"9:47:41"}
{"0":{"time":"9:47:41"},"1":{"id":"6"},"level":"info","message":"UPDATE rental SET state = 1, return_at = (SELECT current_timestamp()) WHERE idrental = ?"}
{"0":{"time":"9:47:41"},"1":{"id":"5"},"level":"info","message":"UPDATE rental SET state = 1, return_at = (SELECT current_timestamp()) WHERE idrental = ?"}
{"level":"info","message":"SELECT idrental, r.id_user, r.id_vehicle, name, mobile, name_vehicle, numb_regist, rent_price, avatar, rentdate, returndate, state, deleted_rental, deleted_rental_at FROM rental r, user u, vehicle v WHERE u.id_user = r.id_user AND v.id_vehicle = r.id_vehicle AND deleted_rental = 0 AND state = 0 ORDER BY `idrental` DESC","time":"9:47:41"}
{"0":"9:47:41","level":"info","message":"SELECT * FROM vehicle WHERE numb_regist = ? "}
{"0":{"time":"9:47:41"},"1":{"id":"4"},"level":"info","message":"UPDATE rental SET state = 1, return_at = (SELECT current_timestamp()) WHERE idrental = ?"}
{"0":{"id":"2"},"1":{"time":"9:47:41"},"level":"info","message":"UPDATE vehicle SET status = \"Trống\" WHERE id_vehicle = ? "}
{"level":"info","message":"SELECT idrental, r.id_user, r.id_vehicle, name, mobile, name_vehicle, numb_regist, rent_price, avatar, rentdate, returndate, state, deleted_rental, deleted_rental_at FROM rental r, user u, vehicle v WHERE u.id_user = r.id_user AND v.id_vehicle = r.id_vehicle AND deleted_rental = 0 AND state = 0 ORDER BY `idrental` DESC","time":"9:47:41"}
{"level":"info","message":"SELECT idrental, r.id_user, r.id_vehicle, name, mobile, name_vehicle, numb_regist, rent_price, avatar, rentdate, returndate, state, deleted_rental, deleted_rental_at FROM rental r, user u, vehicle v WHERE u.id_user = r.id_user AND v.id_vehicle = r.id_vehicle AND deleted_rental = 0 AND state = 0 ORDER BY `idrental` DESC","time":"9:47:41"}
{"level":"info","message":"SELECT idrental, r.id_user, r.id_vehicle, name, mobile, name_vehicle, numb_regist, rent_price, avatar, rentdate, returndate, state, deleted_rental, deleted_rental_at FROM rental r, user u, vehicle v WHERE u.id_user = r.id_user AND v.id_vehicle = r.id_vehicle AND deleted_rental = 0 AND state = 0 ORDER BY `idrental` DESC","time":"9:47:41"}
{"0":"9:47:41","level":"info","message":"SELECT * FROM vehicle WHERE numb_regist = ? "}
{"0":{"time":"9:47:41"},"1":{"id":"8"},"level":"info","message":"UPDATE rental SET state = 1, return_at = (SELECT current_timestamp()) WHERE idrental = ?"}
{"0":{"id":"1"},"1":{"time":"9:47:41"},"level":"info","message":"UPDATE vehicle SET status = \"Trống\" WHERE id_vehicle = ? "}
{"level":"info","message":"Select*from user","time":"9:47:41"}
{"level":"info","message":"Select*from user","time":"9:47:41"}
{"level":"info","message":"Select*from user","time":"9:47:41"}
{"level":"info","message":"Select*from user","time":"9:47:41"}
{"level":"info","message":"Select*from user","time":"9:47:41"}
{"0":{"time":"9:47:41"},"1":{"id":"31"},"level":"info","message":"Select*from user where id_user = "}
{"0":{"time":"9:47:41"},"1":{"id":"29"},"level":"info","message":"Select*from user where id_user = "}
{"0":{"time":"9:47:41"},"1":{"id":"31"},"level":"info","message":"Select*from user where id_user = "}
{"0":{"address":"140 Le Trong Tan","birthday":"2003-10-14","cmnd":"123789456","email":"test1@gmail.com","gender":"Nam","mobile":"0123551200","name":"Test 1","national":"VN","password":"123123"},"level":"info","message":"updateUser "}
{"0":{"id":"31"},"level":"info","message":"id_user update"}
{"0":{"time":"9:47:41"},"1":{"input":{"address":"140 Le Trong Tan","birthday":"2003-10-14","cmnd":"123789456","email":"test1@gmail.com","gender":"Nam","id":"31","mobile":"0123551200","name":"Test 1","national":"VN","password":"123123"}},"level":"info","message":"UPDATE user SET name =?, mobile =?, email = ?, password = ?, birthday = ?, gender = ?, address = ?, cmnd =?, national =? WHERE id_user = ? "}
{"level":"info","message":"Select*from user","time":"9:47:41"}
{"level":"info","message":"Select*from user","time":"9:47:41"}
{"0":{"time":"9:47:41"},"1":{"id":"31"},"level":"info","message":"Select*from user where id_user = "}
{"level":"info","message":"Select*from user","time":"9:47:41"}
{"level":"info","message":"Select*from user","time":"9:47:41"}
{"level":"info","message":"SELECT idrental, r.id_user, r.id_vehicle, name, mobile, name_vehicle, numb_regist, rent_price, avatar, rentdate, returndate, state, deleted_rental, deleted_rental_at FROM rental r, user u, vehicle v WHERE u.id_user = r.id_user AND v.id_vehicle = r.id_vehicle AND deleted_rental = 0 AND state = 0 ORDER BY `idrental` DESC","time":"9:47:41"}
{"level":"info","message":"SELECT idrental, r.id_user, r.id_vehicle, name, mobile, name_vehicle, numb_regist, rent_price, avatar, rentdate, returndate, state, deleted_rental, deleted_rental_at FROM rental r, user u, vehicle v WHERE u.id_user = r.id_user AND v.id_vehicle = r.id_vehicle AND deleted_rental = 0 AND state = 0 ORDER BY `idrental` DESC","time":"9:47:41"}
{"level":"info","message":"SELECT idrental, r.id_user, r.id_vehicle, name, mobile, name_vehicle, numb_regist, total, avatar, rentdate, returndate, state, deleted_rental, deleted_rental_at FROM rental r, user u, vehicle v WHERE u.id_user = r.id_user AND v.id_vehicle = r.id_vehicle AND deleted_rental = 0 AND state = 0 ORDER BY `idrental` DESC","time":"10:43:6"}
{"level":"info","message":"SELECT idrental, r.id_user, r.id_vehicle, name, mobile, name_vehicle, numb_regist, total, avatar, rentdate, returndate, state, deleted_rental, deleted_rental_at FROM rental r, user u, vehicle v WHERE u.id_user = r.id_user AND v.id_vehicle = r.id_vehicle AND deleted_rental = 0 AND state = 0 ORDER BY `idrental` DESC","time":"10:43:6"}
{"level":"info","message":"SELECT * FROM vehicle WHERE license_plate = ? "}
{"level":"info","message":"SELECT * FROM vehicle WHERE license_plate = ? "}
{"level":"info","message":"SELECT * FROM vehicle WHERE license_plate = ? "}
{"level":"info","message":"SELECT * FROM vehicle WHERE license_plate = ? "}
{"level":"info","message":"SELECT * FROM vehicle WHERE license_plate = ? "}
{"level":"info","message":"SELECT * FROM vehicle WHERE license_plate = ? "}
{"level":"info","message":"SELECT * FROM vehicle WHERE license_plate = ? "}
{"level":"info","message":"SELECT * FROM vehicle WHERE license_plate = ? "}
{"level":"info","message":"SELECT * FROM vehicle WHERE license_plate = ? "}
{"level":"info","message":"SELECT * FROM vehicle WHERE license_plate = ? "}
{"level":"info","message":"SELECT * FROM vehicle WHERE license_plate = ? "}
{"level":"info","message":"SELECT * FROM vehicle WHERE license_plate = ? "}
{"level":"info","message":"SELECT * FROM vehicle WHERE license_plate = ? "}
{"level":"info","message":"SELECT * FROM vehicle WHERE license_plate = ? "}
{"level":"info","message":"SELECT * FROM vehicle WHERE license_plate = ? "}
{"level":"info","message":"SELECT * FROM vehicle WHERE license_plate = ? "}
{"level":"info","message":"SELECT * FROM vehicle WHERE license_plate = ? "}
{"level":"info","message":"SELECT * FROM vehicle WHERE license_plate = ? "}
{"level":"info","message":"SELECT * FROM vehicle WHERE license_plate = ? "}
{"level":"info","message":"SELECT * FROM vehicle WHERE license_plate = ? "}
{"level":"info","message":"SELECT * FROM vehicle WHERE license_plate = ? "}
{"level":"info","message":"SELECT * FROM vehicle WHERE license_plate = ? "}
{"0":{"time":"10:43:6"},"1":{"mobile":"0948462040"},"level":"info","message":"SELECT *FROM user WHERE mobile = ? AND deleted = 0 ORDER BY `id_user` ASC"}
{"level":"info","message":"SELECT * FROM vehicle WHERE license_plate = ? "}
{"level":"info","message":"SELECT * FROM vehicle WHERE license_plate = ? "}
{"level":"info","message":"SELECT * FROM vehicle WHERE license_plate = ? "}
{"level":"info","message":"SELECT * FROM vehicle WHERE license_plate = ? "}
{"level":"info","message":"SELECT * FROM vehicle WHERE license_plate = ? "}
{"level":"info","message":"SELECT * FROM vehicle WHERE license_plate = ? "}
{"level":"info","message":"SELECT * FROM vehicle WHERE license_plate = ? "}
{"level":"info","message":"SELECT * FROM vehicle WHERE license_plate = ? "}
{"level":"info","message":"SELECT * FROM vehicle WHERE license_plate = ? "}
{"level":"info","message":"SELECT * FROM vehicle WHERE license_plate = ? "}
{"level":"info","message":"SELECT * FROM vehicle WHERE license_plate = ? "}
{"level":"info","message":"SELECT * FROM vehicle WHERE license_plate = ? "}
{"level":"info","message":"SELECT * FROM vehicle WHERE license_plate = ? "}
{"level":"info","message":"SELECT * FROM vehicle WHERE license_plate = ? "}
{"level":"info","message":"SELECT * FROM vehicle WHERE license_plate = ? "}
{"level":"info","message":"SELECT * FROM vehicle WHERE license_plate = ? "}
{"level":"info","message":"SELECT * FROM vehicle WHERE license_plate = ? "}
{"level":"info","message":"SELECT * FROM vehicle WHERE license_plate = ? "}
{"level":"info","message":"SELECT * FROM vehicle WHERE license_plate = ? "}
{"level":"info","message":"SELECT * FROM vehicle WHERE license_plate = ? "}
{"level":"info","message":"SELECT * FROM vehicle WHERE license_plate = ? "}
{"level":"info","message":"SELECT * FROM vehicle WHERE license_plate = ? "}
{"level":"info","message":"SELECT * FROM vehicle WHERE license_plate = ? "}
{"level":"info","message":"SELECT * FROM vehicle WHERE license_plate = ? "}
{"level":"info","message":"SELECT * FROM vehicle WHERE license_plate = ? "}
{"level":"info","message":"SELECT * FROM vehicle WHERE license_plate = ? "}
{"level":"info","message":"SELECT * FROM vehicle WHERE license_plate = ? "}
{"0":{"time":"10:43:6"},"1":{"mobile":"0948462040"},"level":"info","message":"SELECT *FROM user WHERE mobile = ? AND deleted = 0 ORDER BY `id_user` ASC"}
{"0":{"time":"10:43:6"},"1":{"input":{"id_user":1,"id_vehicle":6,"rentdate":"2022-03-28","returndate":"2022-03-31","total":900000}},"level":"info","message":"INSERT INTO rental (id_user , id_vehicle, rentdate, returndate, total) VALUES (?, ?, ?, ?, ?)"}
{"level":"info","message":"SELECT idrental, r.id_user, r.id_vehicle, name, mobile, name_vehicle, numb_regist, total, avatar, rentdate, returndate, state, deleted_rental, deleted_rental_at FROM rental r, user u, vehicle v WHERE u.id_user = r.id_user AND v.id_vehicle = r.id_vehicle AND deleted_rental = 0 AND state = 0 ORDER BY `idrental` DESC","time":"10:43:6"}
{"0":{"search":"90"},"1":{"time":"10:43:6"},"level":"info","message":"SELECT idrental, r.id_user, r.id_vehicle, name, mobile, name_vehicle, numb_regist, total, avatar, delete_rental, deleted_rental_at FROM rental r, user u, vehicle v WHERE u.id_user = r.id_user AND v.id_vehicle = r.id_vehicle AND name LIKE \"%\"?\"%\" OR mobile LIKE \"%\"?\"%\" OR rent_price LIKE \"%\"?\"%\" OR numb_regist LIKE \"%\"?\"%\" ORDER BY `idrental` DESC"}
{"0":{"search":"900"},"1":{"time":"10:43:6"},"level":"info","message":"SELECT idrental, r.id_user, r.id_vehicle, name, mobile, name_vehicle, numb_regist, total, avatar, delete_rental, deleted_rental_at FROM rental r, user u, vehicle v WHERE u.id_user = r.id_user AND v.id_vehicle = r.id_vehicle AND name LIKE \"%\"?\"%\" OR mobile LIKE \"%\"?\"%\" OR rent_price LIKE \"%\"?\"%\" OR numb_regist LIKE \"%\"?\"%\" ORDER BY `idrental` DESC"}
{"0":{"search":"900"},"1":{"time":"10:43:6"},"level":"info","message":"SELECT idrental, r.id_user, r.id_vehicle, name, mobile, name_vehicle, numb_regist, total, avatar, delete_rental, deleted_rental_at FROM rental r, user u, vehicle v WHERE u.id_user = r.id_user AND v.id_vehicle = r.id_vehicle AND name LIKE \"%\"?\"%\" OR mobile LIKE \"%\"?\"%\" OR rent_price LIKE \"%\"?\"%\" OR numb_regist LIKE \"%\"?\"%\" ORDER BY `idrental` DESC"}
{"level":"info","message":"SELECT idrental, r.id_user, r.id_vehicle, name, mobile, name_vehicle, numb_regist, total, avatar, rentdate, returndate, state, deleted_rental, deleted_rental_at FROM rental r, user u, vehicle v WHERE u.id_user = r.id_user AND v.id_vehicle = r.id_vehicle AND deleted_rental = 0 AND state = 0 ORDER BY `idrental` DESC","time":"10:43:6"}
{"level":"info","message":"SELECT idrental, r.id_user, r.id_vehicle, name, mobile, name_vehicle, numb_regist, total, avatar, rentdate, returndate, state, deleted_rental, deleted_rental_at FROM rental r, user u, vehicle v WHERE u.id_user = r.id_user AND v.id_vehicle = r.id_vehicle AND deleted_rental = 0 AND state = 0 ORDER BY `idrental` DESC","time":"10:43:6"}
{"level":"info","message":"SELECT idrental, r.id_user, r.id_vehicle, name, mobile, name_vehicle, numb_regist, total, avatar, rentdate, returndate, state, deleted_rental, deleted_rental_at FROM rental r, user u, vehicle v WHERE u.id_user = r.id_user AND v.id_vehicle = r.id_vehicle AND deleted_rental = 0 AND state = 0 ORDER BY `idrental` DESC","time":"10:43:6"}
{"0":{"search":"9"},"1":{"time":"10:43:6"},"level":"info","message":"SELECT idrental, r.id_user, r.id_vehicle, name, mobile, name_vehicle, numb_regist, total, avatar, delete_rental, deleted_rental_at FROM rental r, user u, vehicle v WHERE u.id_user = r.id_user AND v.id_vehicle = r.id_vehicle AND name LIKE \"%\"?\"%\" OR mobile LIKE \"%\"?\"%\" OR rent_price LIKE \"%\"?\"%\" OR numb_regist LIKE \"%\"?\"%\" ORDER BY `idrental` DESC"}
{"0":{"search":"1"},"1":{"time":"10:43:6"},"level":"info","message":"SELECT idrental, r.id_user, r.id_vehicle, name, mobile, name_vehicle, numb_regist, total, avatar, delete_rental, deleted_rental_at FROM rental r, user u, vehicle v WHERE u.id_user = r.id_user AND v.id_vehicle = r.id_vehicle AND name LIKE \"%\"?\"%\" OR mobile LIKE \"%\"?\"%\" OR rent_price LIKE \"%\"?\"%\" OR numb_regist LIKE \"%\"?\"%\" ORDER BY `idrental` DESC"}
{"0":{"search":"1"},"1":{"time":"10:43:6"},"level":"info","message":"SELECT idrental, r.id_user, r.id_vehicle, name, mobile, name_vehicle, numb_regist, total, avatar, delete_rental, deleted_rental_at FROM rental r, user u, vehicle v WHERE u.id_user = r.id_user AND v.id_vehicle = r.id_vehicle AND name LIKE \"%\"?\"%\" OR mobile LIKE \"%\"?\"%\" OR rent_price LIKE \"%\"?\"%\" OR numb_regist LIKE \"%\"?\"%\" ORDER BY `idrental` DESC"}
{"level":"info","message":"SELECT idrental, r.id_user, r.id_vehicle, name, mobile, name_vehicle, numb_regist, total, avatar, rentdate, returndate, state, deleted_rental, deleted_rental_at FROM rental r, user u, vehicle v WHERE u.id_user = r.id_user AND v.id_vehicle = r.id_vehicle AND deleted_rental = 0 AND state = 0 ORDER BY `idrental` DESC","time":"10:43:6"}
{"level":"info","message":"SELECT idrental, r.id_user, r.id_vehicle, name, mobile, name_vehicle, numb_regist, total, avatar, rentdate, returndate, state, deleted_rental, deleted_rental_at FROM rental r, user u, vehicle v WHERE u.id_user = r.id_user AND v.id_vehicle = r.id_vehicle AND deleted_rental = 0 AND state = 0 ORDER BY `idrental` DESC","time":"17:41:31"}
{"0":{"search":"9"},"1":{"time":"17:41:31"},"level":"info","message":"SELECT idrental, r.id_user, r.id_vehicle, name, mobile, name_vehicle, numb_regist, total, avatar, delete_rental, deleted_rental_at FROM rental r, user u, vehicle v WHERE u.id_user = r.id_user AND v.id_vehicle = r.id_vehicle AND name LIKE \"%\"?\"%\" OR mobile LIKE \"%\"?\"%\" OR rent_price LIKE \"%\"?\"%\" OR numb_regist LIKE \"%\"?\"%\" ORDER BY `idrental` DESC"}
{"level":"info","message":"SELECT idrental, r.id_user, r.id_vehicle, name, mobile, name_vehicle, numb_regist, total, avatar, rentdate, returndate, state, deleted_rental, deleted_rental_at FROM rental r, user u, vehicle v WHERE u.id_user = r.id_user AND v.id_vehicle = r.id_vehicle AND deleted_rental = 0 AND state = 0 ORDER BY `idrental` DESC","time":"17:41:31"}
{"0":{"search":"9"},"1":{"time":"17:41:31"},"level":"info","message":"SELECT idrental, r.id_user, r.id_vehicle, name, mobile, name_vehicle, numb_regist, total, avatar, delete_rental, deleted_rental_at FROM rental r, user u, vehicle v WHERE u.id_user = r.id_user AND v.id_vehicle = r.id_vehicle AND name LIKE \"%\"?\"%\" OR mobile LIKE \"%\"?\"%\" OR rent_price LIKE \"%\"?\"%\" OR numb_regist LIKE \"%\"?\"%\" ORDER BY `idrental` DESC"}
{"0":{"search":"9"},"1":{"time":"17:41:31"},"level":"info","message":"SELECT idrental, r.id_user, r.id_vehicle, name, mobile, name_vehicle, numb_regist, total, avatar, delete_rental, deleted_rental_at FROM rental r, user u, vehicle v WHERE u.id_user = r.id_user AND v.id_vehicle = r.id_vehicle AND name LIKE \"%\"?\"%\" OR mobile LIKE \"%\"?\"%\" OR rent_price LIKE \"%\"?\"%\" OR numb_regist LIKE \"%\"?\"%\" ORDER BY `idrental` DESC"}
{"level":"info","message":"SELECT idrental, r.id_user, r.id_vehicle, name, mobile, name_vehicle, numb_regist, total, avatar, rentdate, returndate, state, deleted_rental, deleted_rental_at FROM rental r, user u, vehicle v WHERE u.id_user = r.id_user AND v.id_vehicle = r.id_vehicle AND deleted_rental = 0 AND state = 0 ORDER BY `idrental` DESC","time":"17:41:31"}
