{"level":"info","message":"Select*from user","time":"3:3:30"}
{"level":"info","message":"Select*from user","time":"3:3:30"}
{"0":{"time":"3:3:30"},"1":{"id":"44"},"level":"info","message":"Select*from user where id_user = "}
{"level":"info","message":"Select*from user","time":"3:3:30"}
{"0":{"time":"3:3:30"},"1":{"id":"44"},"level":"info","message":"Select*from user where id_user = "}
{"level":"info","message":"Select*from user","time":"3:3:30"}
{"0":{"time":"3:3:30"},"1":{"id":"43"},"level":"info","message":"Select*from user where id_user = "}
{"level":"info","message":"Select*from user","time":"3:3:30"}
{"0":{"time":"3:3:30"},"1":{"id":"45"},"level":"info","message":"Select*from user where id_user = "}
{"0":{"time":"3:3:30"},"1":{"id":"44"},"level":"info","message":"Select*from user where id_user = "}
{"0":{"time":"3:3:30"},"1":{"id":"39"},"level":"info","message":"Select*from user where id_user = "}
{"0":{"time":"3:3:30"},"1":{"id":"42"},"level":"info","message":"Select*from user where id_user = "}
{"0":{"time":"3:3:30"},"1":{"id":"40"},"level":"info","message":"Select*from user where id_user = "}
{"level":"info","message":"Select*from user","time":"3:3:30"}
{"0":{"time":"3:3:30"},"1":{"id":"43"},"level":"info","message":"Select*from user where id_user = "}
{"0":{"time":"3:3:30"},"1":{"id":"45"},"level":"info","message":"Select*from user where id_user = "}
{"0":{"time":"3:3:30"},"1":{"id":"43"},"level":"info","message":"Select*from user where id_user = "}
{"0":{"time":"3:3:30"},"1":{"id":"43"},"level":"info","message":"Select*from user where id_user = "}
{"0":{"time":"3:3:30"},"1":{"id":"45"},"level":"info","message":"Select*from user where id_user = "}
{"0":{"time":"3:3:30"},"1":{"id":"42"},"level":"info","message":"Select*from user where id_user = "}
{"0":{"time":"3:3:30"},"1":{"id":"43"},"level":"info","message":"Select*from user where id_user = "}
{"0":{"time":"3:3:30"},"1":{"id":"38"},"level":"info","message":"Select*from user where id_user = "}
{"0":{"time":"3:3:30"},"1":{"id":"37"},"level":"info","message":"Select*from user where id_user = "}
{"0":{"time":"3:3:30"},"1":{"id":"43"},"level":"info","message":"Select*from user where id_user = "}
{"0":{"time":"3:3:30"},"1":{"id":"45"},"level":"info","message":"Select*from user where id_user = "}
{"0":{"time":"3:3:30"},"1":{"id":"43"},"level":"info","message":"Select*from user where id_user = "}
{"0":{"time":"3:3:30"},"1":{"id":"41"},"level":"info","message":"Select*from user where id_user = "}
{"0":{"time":"3:3:30"},"1":{"id":"42"},"level":"info","message":"Select*from user where id_user = "}
{"0":{"time":"3:3:30"},"1":{"id":"44"},"level":"info","message":"Select*from user where id_user = "}
{"0":{"time":"3:3:30"},"1":{"id":"43"},"level":"info","message":"Select*from user where id_user = "}
{"0":{"time":"3:3:30"},"1":{"id":"44"},"level":"info","message":"Select*from user where id_user = "}
{"level":"info","message":"Select*from user","time":"3:3:30"}
{"level":"info","message":"Select*from user","time":"3:3:30"}
{"0":{"time":"3:3:30"},"1":{"id":"45"},"level":"info","message":"Select*from user where id_user = "}
{"level":"info","message":"Select*from user","time":"3:3:30"}
{"0":{"time":"3:3:30"},"1":{"id":"45"},"level":"info","message":"Select*from user where id_user = "}
{"level":"info","message":"Select*from user","time":"3:3:30"}
{"0":{"time":"3:3:30"},"1":{"id":"45"},"level":"info","message":"Select*from user where id_user = "}
{"level":"info","message":"Select*from user","time":"3:3:30"}
{"0":{"time":"3:3:30"},"1":{"id":"44"},"level":"info","message":"Select*from user where id_user = "}
{"level":"info","message":"Select*from user","time":"3:3:30"}
{"0":{"time":"3:3:30"},"1":{"id":"45"},"level":"info","message":"Select*from user where id_user = "}
{"level":"info","message":"Select*from user","time":"3:3:30"}
{"0":{"time":"3:3:30"},"1":{"id":"43"},"level":"info","message":"Select*from user where id_user = "}
{"0":{"time":"3:3:30"},"1":{"id":"41"},"level":"info","message":"Select*from user where id_user = "}
{"level":"info","message":"Select*from user","time":"3:3:30"}
{"0":{"time":"3:3:30"},"1":{"id":"44"},"level":"info","message":"Select*from user where id_user = "}
{"level":"info","message":"Select*from user","time":"8:7:35"}
{"0":{"time":"8:7:35"},"1":{"id":"45"},"level":"info","message":"Select*from user where id_user = "}
{"0":{"time":"8:7:35"},"1":{"id":"45"},"level":"info","message":"Select*from user where id_user = "}
{"level":"info","message":"Select*from user","time":"8:7:35"}
{"0":{"time":"8:7:35"},"1":{"id":"44"},"level":"info","message":"Select*from user where id_user = "}
{"level":"info","message":"Select*from user","time":"8:7:35"}
{"0":{"time":"8:7:35"},"1":{"id":"44"},"level":"info","message":"Select*from user where id_user = "}
{"level":"info","message":"Select*from user","time":"8:7:35"}
{"0":{"time":"8:7:35"},"1":{"id":"44"},"level":"info","message":"Select*from user where id_user = "}
{"level":"info","message":"Select*from user","time":"8:7:35"}
{"0":{"time":"8:7:35"},"1":{"id":"45"},"level":"info","message":"Select*from user where id_user = "}
{"level":"info","message":"Select*from user","time":"8:7:35"}
{"0":{"search":"f"},"1":{"time":"8:7:35"},"level":"info","message":"SELECT  * FROM user WHERE name LIKE \"%\"?\"%\" OR mobile LIKE \"%\"?\"%\" OR email LIKE \"%\"?\"%\" OR cmnd LIKE \"%\"?\"%\""}
{"0":{"search":"y"},"1":{"time":"8:7:35"},"level":"info","message":"SELECT  * FROM user WHERE name LIKE \"%\"?\"%\" OR mobile LIKE \"%\"?\"%\" OR email LIKE \"%\"?\"%\" OR cmnd LIKE \"%\"?\"%\""}
{"0":{"time":"8:7:35"},"1":{"id":"11"},"level":"info","message":"Select*from user where id_user = "}
{"level":"info","message":"Select*from user","time":"8:7:35"}
{"0":"c1834f79-adf3-4c77-ac8c-df3feb4701fe.png","level":"info","message":"image upload: "}
{"0":{"id":"11"},"level":"info","message":"id_user change avatar"}
{"0":{"time":"8:7:35"},"1":{"input":{"avatar":"c1834f79-adf3-4c77-ac8c-df3feb4701fe.png","id":"11"}},"level":"info","message":"UPDATE user SET avatar = ? WHERE id_user = ? "}
{"level":"info","message":"Select*from user","time":"8:7:35"}
{"level":"info","message":"Select*from user","time":"8:7:35"}
{"0":{"search":"y"},"1":{"time":"8:7:35"},"level":"info","message":"SELECT  * FROM user WHERE name LIKE \"%\"?\"%\" OR mobile LIKE \"%\"?\"%\" OR email LIKE \"%\"?\"%\" OR cmnd LIKE \"%\"?\"%\""}
{"0":{"id":"8"},"level":"info","message":"delete id required"}
{"0":{"time":"8:7:35"},"1":{"id":"8"},"level":"info","message":"UPDATE user SET deleted = 1, deleted_at = \"2022-1-28 8:7:35\" WHERE id_user = ? "}
{"0":{"search":"y"},"1":{"time":"8:7:35"},"level":"info","message":"SELECT  * FROM user WHERE name LIKE \"%\"?\"%\" OR mobile LIKE \"%\"?\"%\" OR email LIKE \"%\"?\"%\" OR cmnd LIKE \"%\"?\"%\""}
{"level":"info","message":"Select*from user","time":"8:7:35"}
{"0":{"search":"y"},"1":{"time":"8:7:35"},"level":"info","message":"SELECT  * FROM user WHERE name LIKE \"%\"?\"%\" OR mobile LIKE \"%\"?\"%\" OR email LIKE \"%\"?\"%\" OR cmnd LIKE \"%\"?\"%\""}
{"level":"info","message":"Select*from user","time":"8:7:35"}
{"level":"info","message":"Select*from user","time":"8:7:35"}
{"0":{"time":"8:7:35"},"1":{"id":"43"},"level":"info","message":"Select*from user where id_user = "}
{"0":{"time":"8:7:35"},"1":{"id":"43"},"level":"info","message":"Select*from user where id_user = "}
{"0":{"address":"hehehehej","birthday":"2000-11-03","cmnd":"123456789","email":"testim@gmail.com","gender":"Nam","mobile":"0123456789","name":"hihi haha","national":"VN","password":"123123"},"level":"info","message":"updateUser "}
{"0":{"id":"43"},"level":"info","message":"id_user update"}
{"0":{"time":"8:7:35"},"1":{"input":{"address":"hehehehej","birthday":"2000-11-03","cmnd":"123456789","email":"testim@gmail.com","gender":"Nam","id":"43","mobile":"0123456789","name":"hihi haha","national":"VN","password":"123123"}},"level":"info","message":"UPDATE user SET name =?, mobile =?, email = ?, password = ?, birthday = ?, gender = ?, address = ?, cmnd =?, national =? WHERE id_user = ? "}
{"level":"info","message":"Select*from user","time":"8:7:35"}
{"0":{"time":"8:7:35"},"1":{"id":"33"},"level":"info","message":"Select*from user where id_user = "}
{"0":{"time":"8:7:35"},"1":{"id":"38"},"level":"info","message":"Select*from user where id_user = "}
{"0":{"time":"8:7:35"},"1":{"id":"35"},"level":"info","message":"Select*from user where id_user = "}
{"0":{"time":"8:7:35"},"1":{"id":"36"},"level":"info","message":"Select*from user where id_user = "}
{"0":{"time":"8:7:35"},"1":{"id":"42"},"level":"info","message":"Select*from user where id_user = "}
{"0":{"time":"8:7:35"},"1":{"id":"43"},"level":"info","message":"Select*from user where id_user = "}
{"0":{"time":"8:7:35"},"1":{"id":"42"},"level":"info","message":"Select*from user where id_user = "}
{"0":{"address":"Gò Vấp","birthday":"17-12-2003","cmnd":"215935846","email":"thanhphuong@gmail.com","gender":"Nam","mobile":"0902873146","name":"Tiger Cat","national":"VN","password":"123123"},"level":"info","message":"updateUser "}
{"0":{"id":"42"},"level":"info","message":"id_user update"}
{"0":{"time":"8:7:35"},"1":{"input":{"address":"Gò Vấp","birthday":"17-12-2003","cmnd":"215935846","email":"thanhphuong@gmail.com","gender":"Nam","id":"42","mobile":"0902873146","name":"Tiger Cat","national":"VN","password":"123123"}},"level":"info","message":"UPDATE user SET name =?, mobile =?, email = ?, password = ?, birthday = ?, gender = ?, address = ?, cmnd =?, national =? WHERE id_user = ? "}
{"level":"info","message":"Select*from user","time":"8:7:35"}
{"0":{"time":"8:7:35"},"1":{"id":"42"},"level":"info","message":"Select*from user where id_user = "}
{"0":{"address":"Gò Vấp","birthday":"15-12-2003","cmnd":"215935846","email":"tiger@gmail.com","gender":"Nam","mobile":"0902873146","name":"Tiger Cat","national":"VN","password":"123123"},"level":"info","message":"updateUser "}
{"0":{"id":"42"},"level":"info","message":"id_user update"}
{"0":{"time":"8:7:35"},"1":{"input":{"address":"Gò Vấp","birthday":"15-12-2003","cmnd":"215935846","email":"tiger@gmail.com","gender":"Nam","id":"42","mobile":"0902873146","name":"Tiger Cat","national":"VN","password":"123123"}},"level":"info","message":"UPDATE user SET name =?, mobile =?, email = ?, password = ?, birthday = ?, gender = ?, address = ?, cmnd =?, national =? WHERE id_user = ? "}
{"level":"info","message":"Select*from user","time":"8:7:35"}
{"level":"info","message":"Select*from user","time":"8:7:35"}
{"0":{"time":"8:7:35"},"1":{"id":"42"},"level":"info","message":"Select*from user where id_user = "}
{"0":{"address":"Gò Vấp","birthday":"15-12-2003","cmnd":"215935846","email":"tiger@gmail.com","gender":"Nam","mobile":"0902873146","name":"Tiger Cat","national":"VN","password":"123123"},"level":"info","message":"updateUser "}
{"0":{"id":"42"},"level":"info","message":"id_user update"}
{"0":{"time":"8:7:35"},"1":{"input":{"address":"Gò Vấp","birthday":"15-12-2003","cmnd":"215935846","email":"tiger@gmail.com","gender":"Nam","id":"42","mobile":"0902873146","name":"Tiger Cat","national":"VN","password":"123123"}},"level":"info","message":"UPDATE user SET name =?, mobile =?, email = ?, password = ?, birthday = ?, gender = ?, address = ?, cmnd =?, national =? WHERE id_user = ? "}
{"level":"info","message":"Select*from user","time":"8:7:35"}
{"0":{"time":"8:7:35"},"1":{"id":"42"},"level":"info","message":"Select*from user where id_user = "}
{"level":"info","message":"Select*from user","time":"8:7:35"}
{"0":{"time":"8:7:35"},"1":{"id":"44"},"level":"info","message":"Select*from user where id_user = "}
{"0":{"time":"8:7:35"},"1":{"id":"42"},"level":"info","message":"Select*from user where id_user = "}
{"0":{"address":"Gò Vấp","birthday":"08-12-2003","cmnd":"215935846","email":"tiger@gmail.com","gender":"Nam","mobile":"0902873146","name":"Tiger Cat","national":"VN","password":"123123"},"level":"info","message":"updateUser "}
{"0":{"id":"42"},"level":"info","message":"id_user update"}
{"0":{"time":"8:7:35"},"1":{"input":{"address":"Gò Vấp","birthday":"08-12-2003","cmnd":"215935846","email":"tiger@gmail.com","gender":"Nam","id":"42","mobile":"0902873146","name":"Tiger Cat","national":"VN","password":"123123"}},"level":"info","message":"UPDATE user SET name =?, mobile =?, email = ?, password = ?, birthday = ?, gender = ?, address = ?, cmnd =?, national =? WHERE id_user = ? "}
{"level":"info","message":"Select*from user","time":"8:7:35"}
{"0":{"time":"8:7:35"},"1":{"id":"42"},"level":"info","message":"Select*from user where id_user = "}
{"0":{"address":"Gò Vấp","birthday":"2003-12-16","cmnd":"215935846","email":"tiger@gmail.com","gender":"Nam","mobile":"0902873146","name":"Tiger Cat","national":"VN","password":"123123"},"level":"info","message":"updateUser "}
{"0":{"id":"42"},"level":"info","message":"id_user update"}
{"0":{"time":"8:7:35"},"1":{"input":{"address":"Gò Vấp","birthday":"2003-12-16","cmnd":"215935846","email":"tiger@gmail.com","gender":"Nam","id":"42","mobile":"0902873146","name":"Tiger Cat","national":"VN","password":"123123"}},"level":"info","message":"UPDATE user SET name =?, mobile =?, email = ?, password = ?, birthday = ?, gender = ?, address = ?, cmnd =?, national =? WHERE id_user = ? "}
{"level":"info","message":"Select*from user","time":"8:7:35"}
{"0":{"time":"8:7:35"},"1":{"id":"42"},"level":"info","message":"Select*from user where id_user = "}
{"0":{"time":"8:7:35"},"1":{"id":"41"},"level":"info","message":"Select*from user where id_user = "}
{"0":{"time":"8:7:35"},"1":{"id":"44"},"level":"info","message":"Select*from user where id_user = "}
{"level":"info","message":"Select*from user","time":"8:7:35"}
{"0":{"time":"8:7:35"},"1":{"id":"44"},"level":"info","message":"Select*from user where id_user = "}
{"0":{"time":"8:7:35"},"1":{"id":"45"},"level":"info","message":"Select*from user where id_user = "}
{"0":{"time":"8:7:35"},"1":{"id":"45"},"level":"info","message":"Select*from user where id_user = "}
{"0":{"time":"8:7:35"},"1":{"id":"44"},"level":"info","message":"Select*from user where id_user = "}
{"0":{"address":"phan thiết","birthday":"2003-12-15","cmnd":"111111111","email":"bem@gmail.com","gender":"Nam","mobile":"0948462040","name":"Bem cat","national":"VN","password":"123123"},"level":"info","message":"updateUser "}
{"0":{"id":"44"},"level":"info","message":"id_user update"}
{"0":{"time":"8:7:35"},"1":{"input":{"address":"phan thiết","birthday":"2003-12-15","cmnd":"111111111","email":"bem@gmail.com","gender":"Nam","id":"44","mobile":"0948462040","name":"Bem cat","national":"VN","password":"123123"}},"level":"info","message":"UPDATE user SET name =?, mobile =?, email = ?, password = ?, birthday = ?, gender = ?, address = ?, cmnd =?, national =? WHERE id_user = ? "}
{"level":"info","message":"Select*from user","time":"8:7:35"}
{"0":{"time":"8:7:35"},"1":{"id":"44"},"level":"info","message":"Select*from user where id_user = "}
{"0":{"time":"8:7:35"},"1":{"id":"45"},"level":"info","message":"Select*from user where id_user = "}
{"level":"info","message":"Select*from rental","time":"8:7:35"}
{"level":"info","message":"Select*from rental","time":"8:7:35"}
{"0":{"search":"te"},"1":{"time":"8:7:35"},"level":"info","message":"SELECT  * FROM rental WHERE namecus LIKE \"%\"?\"%\" OR phonecus LIKE \"%\"?\"%\" OR rentprice LIKE \"%\"?\"%\" OR numb_regist LIKE \"%\"?\"%\" ORDER BY `idrental` ASC"}
{"0":{"search":"te"},"1":{"time":"8:7:35"},"level":"info","message":"SELECT  * FROM rental WHERE namecus LIKE \"%\"?\"%\" OR phonecus LIKE \"%\"?\"%\" OR rentprice LIKE \"%\"?\"%\" OR numb_regist LIKE \"%\"?\"%\" ORDER BY `idrental` ASC"}
{"0":{"search":"te"},"1":{"time":"8:7:35"},"level":"info","message":"SELECT  * FROM rental WHERE namecus LIKE \"%\"?\"%\" OR phonecus LIKE \"%\"?\"%\" OR rentprice LIKE \"%\"?\"%\" OR numb_regist LIKE \"%\"?\"%\" ORDER BY `idrental` ASC"}
{"level":"info","message":"Select*from rental","time":"8:7:35"}
{"0":{"search":"300"},"1":{"time":"17:6:28"},"level":"info","message":"SELECT  * FROM rental WHERE namecus LIKE \"%\"?\"%\" OR phonecus LIKE \"%\"?\"%\" OR rentprice LIKE \"%\"?\"%\" OR numb_regist LIKE \"%\"?\"%\" ORDER BY `idrental` ASC"}
