{"0":"6:19:21","level":"info","message":"Select*from user"}
{"0":"6:27:4","level":"info","message":"Select*from user"}
{"0":"6:28:15","level":"info","message":"Select*from user"}
{"1":"6:42:51","level":"info","message":"Select*from user where id_user = "}
{"1":"6:42:51","level":"info","message":"Select*from user where id_user = "}
{"4":"6:42:51","level":"info","message":"Select*from user where id_user = "}
{"6":"6:42:51","level":"info","message":"Select*from user where id_user = "}
{"level":"info","message":"Rollback successful"}
{"level":"info","message":"Rollback successful","time":"6:48:36"}
{"0":"6:50:43","level":"info","message":"Select*from user"}
{"level":"info","message":"Select*from user where id_user = ","time":"6:51:39"}
{"id":"3","level":"info","message":"Select*from user where id_user = "}
{"0":"6:52:38","level":"info","message":"Select*from user"}
{"level":"info","message":"Select*from user","time":"6:53:43"}
{"id":"3","level":"info","message":"Select*from user where id_user = "}
{"0":{"id":"2"},"1":{"time":"6:54:20"},"level":"info","message":"Select*from user where id_user = "}
{"0":{"id":"4"},"1":{"time":"6:54:20"},"level":"info","message":"Select*from user where id_user = "}
{"0":{"time":"6:55:45"},"1":{"id":"3"},"level":"info","message":"Select*from user where id_user = "}
{"0":{"time":"6:55:45"},"1":{"id":"3"},"level":"info","message":"Select*from user where id_user = "}
{"0":{"time":"7:11:19"},"1":{"id":"2"},"level":"info","message":"Select*from user where id_user = "}
{"0":{"time":"7:11:19"},"1":{"id":"2"},"level":"info","message":"Select*from user where id_user = "}
{"0":{"time":"7:41:0"},"1":{"email":"haonguyenngo.86@gmail.com"},"level":"info","message":"SELECT  id_user, password FROM user WHERE email = "}
{"0":{"time":"7:41:0"},"1":{"email":"haonguyeádadm"},"level":"info","message":"SELECT  id_user, password FROM user WHERE email = "}
{"0":{"time":"7:41:0"},"1":{"id":"email"},"level":"info","message":"Select*from user where id_user = "}
{"0":{"time":"9:17:52"},"1":{"email":"baotiantu@gmail.com"},"level":"info","message":"SELECT  id_user, password FROM user WHERE email = "}
{"0":{"time":"9:17:52"},"1":{"email":"baotiantu@gmail.com"},"level":"info","message":"SELECT  id_user, password FROM user WHERE email = "}
{"0":{"time":"9:17:52"},"1":{"id":"1"},"level":"info","message":"Select*from user where id_user = "}
{"0":{"time":"9:17:52"},"1":{"id":"2"},"level":"info","message":"Select*from user where id_user = "}
