{"level":"info","message":"Select*from user","time":"1:54:36"}
{"level":"info","message":"Select*from user","time":"1:54:36"}
{"level":"info","message":"Select*from user","time":"1:54:36"}
{"level":"info","message":"Select*from user","time":"1:55:48"}
{"level":"info","message":"Select*from user","time":"3:49:55"}
{"0":{"time":"3:49:55"},"1":{"id":"1"},"level":"info","message":"Select*from user where id_user = "}
{"0":{"time":"3:49:55"},"1":{"id":"1"},"level":"info","message":"Select*from user where id_user = "}
{"0":{"time":"3:49:55"},"1":{"id":"1"},"level":"info","message":"Select*from user where id_user = "}
{"0":{"time":"3:49:55"},"1":{"id":"1"},"level":"info","message":"Select*from user where id_user = "}
{"0":{"time":"3:49:55"},"1":{"id":"1"},"level":"info","message":"Select*from user where id_user = "}
{"0":{"time":"3:49:55"},"1":{"id":"1"},"level":"info","message":"Select*from user where id_user = "}
{"0":{"time":"3:49:55"},"1":{"id":"1"},"level":"info","message":"Select*from user where id_user = "}
{"0":{"time":"3:49:55"},"1":{"id":"1"},"level":"info","message":"Select*from user where id_user = "}
{"0":{"time":"3:49:55"},"1":{"id":"1"},"level":"info","message":"Select*from user where id_user = "}
{"0":{"time":"3:49:55"},"1":{"id":"1"},"level":"info","message":"Select*from user where id_user = "}
{"level":"info","message":"Select*from user","time":"3:49:55"}
{"level":"info","message":"Select*from user","time":"9:31:56"}
{"level":"info","message":"Select*from user","time":"9:31:56"}
{"level":"info","message":"Select*from user","time":"9:31:56"}
{"level":"info","message":"Select*from user","time":"9:32:37"}
{"level":"info","message":"Select*from user","time":"9:32:37"}
{"0":{"time":"17:12:6"},"1":{"id":"search"},"level":"info","message":"Select*from user where id_user = "}
{"0":{"time":"17:12:6"},"1":{"id":"search"},"level":"info","message":"Select*from user where id_user = "}
{"0":{"time":"17:26:52"},"1":{"email":"h"},"level":"info","message":"SELECT  id_user, password FROM user WHERE email = "}
{"0":{"time":"17:26:52"},"1":{"email":"asd"},"level":"info","message":"SELECT  id_user, password FROM user WHERE email = "}
{"0":{"time":"17:26:52"},"1":{"email":"linhhao"},"level":"info","message":"SELECT  id_user, password FROM user WHERE email = "}
{"0":{"time":"17:26:52"},"1":{"email":"ngo"},"level":"info","message":"SELECT  id_user, password FROM user WHERE email = "}
{"0":{},"level":"info","message":"SELECT  id_user, password FROM user WHERE name like \"%\"?\"%\""}
{"level":"info","message":"Select*from user","time":"17:39:19"}
{"0":{},"level":"info","message":"SELECT  id_user, password FROM user WHERE name like \"%\"?\"%\""}
{"0":{},"level":"info","message":"SELECT  id_user, password FROM user WHERE name like \"%\"?\"%\""}
{"0":{"nameU":"nhuy"},"level":"info","message":"SELECT  id_user, password FROM user WHERE name like \"%\"?\"%\""}
{"level":"info","message":"Select*from user","time":"17:40:24"}
{"0":"nhuy","level":"info","message":"SELECT  id_user, password FROM user WHERE name like \"%\"?\"%\""}
{"0":"nhuy","level":"info","message":"SELECT  id_user, password FROM user WHERE name like \"%\"?\"%\""}
{"0":"nhuy","level":"info","message":"SELECT  id_user, password FROM user WHERE name like \"%\"?\"%\""}
{"0":"Phan.","level":"info","message":"SELECT  id_user, password FROM user WHERE name like \"%\"?\"%\""}
{"0":"Phan","level":"info","message":"SELECT  id_user, password FROM user WHERE name like \"%\"?\"%\""}
{"0":"Phan","level":"info","message":"SELECT  * FROM user WHERE name like \"%\"?\"%\""}
{"level":"info","message":"Select*from user","time":"23:38:11"}
{"level":"info","message":"Select*from user","time":"23:38:11"}
{"level":"info","message":"Select*from user","time":"23:38:11"}
{"level":"info","message":"Select*from user","time":"23:38:11"}
{"level":"info","message":"Select*from user","time":"23:38:11"}
{"level":"info","message":"Select*from user","time":"23:38:11"}
{"level":"info","message":"Select*from user","time":"23:38:11"}
{"level":"info","message":"Select*from user","time":"23:38:11"}
{"level":"info","message":"Select*from user","time":"23:38:11"}
{"level":"info","message":"Select*from user","time":"23:38:11"}
{"level":"info","message":"Select*from user","time":"23:38:11"}
{"level":"info","message":"Select*from user","time":"23:38:11"}
{"level":"info","message":"Select*from user","time":"23:38:11"}
{"level":"info","message":"Select*from user","time":"23:38:11"}
{"level":"info","message":"Select*from user","time":"23:38:11"}
{"level":"info","message":"Select*from user","time":"23:38:11"}
{"level":"info","message":"Select*from user","time":"23:38:11"}
{"level":"info","message":"Select*from user","time":"23:38:11"}
{"level":"info","message":"Select*from user","time":"23:38:11"}
{"level":"info","message":"Select*from user","time":"23:38:11"}
{"level":"info","message":"Select*from user","time":"23:38:11"}
{"level":"info","message":"Select*from user","time":"23:38:11"}
{"level":"info","message":"Select*from user","time":"23:38:11"}
{"level":"info","message":"Select*from user","time":"23:38:11"}
{"level":"info","message":"Select*from user","time":"23:38:11"}
{"level":"info","message":"Select*from user","time":"23:38:11"}
{"level":"info","message":"Select*from user","time":"23:38:11"}
{"level":"info","message":"Select*from user","time":"23:38:11"}
{"0":"p","level":"info","message":"SELECT  * FROM user WHERE name like \"%\"?\"%\""}
{"level":"info","message":"Select*from user","time":"23:38:11"}
{"level":"info","message":"Select*from user","time":"23:38:11"}
{"0":"p","level":"info","message":"SELECT  * FROM user WHERE name like \"%\"?\"%\""}
{"0":"phanma","level":"info","message":"SELECT  * FROM user WHERE name like \"%\"?\"%\""}
{"0":"ma","level":"info","message":"SELECT  * FROM user WHERE name like \"%\"?\"%\""}
{"0":"mhe","level":"info","message":"SELECT  * FROM user WHERE name like \"%\"?\"%\""}
{"0":"e","level":"info","message":"SELECT  * FROM user WHERE name like \"%\"?\"%\""}
{"0":"ha","level":"info","message":"SELECT  * FROM user WHERE name like \"%\"?\"%\""}
{"0":"hao","level":"info","message":"SELECT  * FROM user WHERE name like \"%\"?\"%\""}
{"0":"tua","level":"info","message":"SELECT  * FROM user WHERE name like \"%\"?\"%\""}
{"0":"tu","level":"info","message":"SELECT  * FROM user WHERE name like \"%\"?\"%\""}
{"0":"toan","level":"info","message":"SELECT  * FROM user WHERE name like \"%\"?\"%\""}
{"level":"info","message":"Select*from user","time":"23:38:11"}
{"level":"info","message":"Select*from user","time":"23:38:11"}
{"level":"info","message":"Select*from user","time":"23:38:11"}
{"level":"info","message":"Select*from user","time":"23:38:11"}
{"level":"info","message":"Select*from user","time":"23:38:11"}
{"level":"info","message":"Select*from user","time":"23:38:11"}
{"level":"info","message":"Select*from user","time":"23:38:11"}
{"level":"info","message":"Select*from user","time":"23:38:11"}
{"level":"info","message":"Select*from user","time":"23:38:11"}
