{"level":"info","message":"Select*from user","time":"1:0:39"}
{"level":"info","message":"SELECT  * FROM user WHERE name like \"%\"?\"%\""}
{"level":"info","message":"SELECT  * FROM user WHERE name like \"%\"?\"%\""}
{"level":"info","message":"Select*from user","time":"1:3:26"}
{"0":{"time":"1:4:48"},"1":{"id":"search"},"level":"info","message":"Select*from user where id_user = "}
{"level":"info","message":"SELECT  * FROM user WHERE name like \"%\"?\"%\""}
{"level":"info","message":"SELECT  * FROM user WHERE name like \"%\"?\"%\""}
{"level":"info","message":"SELECT  * FROM user WHERE name like \"%\"?\"%\""}
{"level":"info","message":"SELECT  * FROM user WHERE name like \"%\"?\"%\""}
{"level":"info","message":"SELECT  * FROM user WHERE name like \"%\"?\"%\""}
{"level":"info","message":"Select*from user","time":"1:4:48"}
{"level":"info","message":"Select*from user","time":"1:4:48"}
{"level":"info","message":"Select*from user","time":"1:4:48"}
{"level":"info","message":"Select*from user","time":"1:4:48"}
{"level":"info","message":"Select*from user","time":"1:4:48"}
{"level":"info","message":"Select*from user","time":"1:4:48"}
{"level":"info","message":"Select*from user","time":"1:4:48"}
{"level":"info","message":"Select*from user","time":"1:4:48"}
{"level":"info","message":"Select*from user","time":"1:4:48"}
{"level":"info","message":"Select*from user","time":"1:4:48"}
{"level":"info","message":"Select*from user","time":"1:4:48"}
{"level":"info","message":"Select*from user","time":"1:4:48"}
{"level":"info","message":"Select*from user","time":"1:4:48"}
{"level":"info","message":"Select*from user","time":"4:13:24"}
{"level":"info","message":"SELECT  * FROM user WHERE name like \"%\"?\"%\""}
{"level":"info","message":"SELECT  * FROM user WHERE name like \"%\"?\"%\""}
{"level":"info","message":"SELECT  * FROM user WHERE name like \"%\"?\"%\""}
{"0":{"time":"4:17:35"},"1":{"id":"search"},"level":"info","message":"Select*from user where id_user = "}
{"level":"info","message":"SELECT  * FROM user WHERE name LIKE \"%\"?\"%\" OR mobile LIKE \"%\"?\"%\" OR email LIKE \"%\"?\"%\" OR cmnd LIKE \"%\"?\"%\""}
{"level":"info","message":"SELECT  * FROM user WHERE name LIKE \"%\"?\"%\" OR mobile LIKE \"%\"?\"%\" OR email LIKE \"%\"?\"%\" OR cmnd LIKE \"%\"?\"%\""}
{"level":"info","message":"SELECT  * FROM user WHERE name LIKE \"%\"?\"%\" OR mobile LIKE \"%\"?\"%\" OR email LIKE \"%\"?\"%\" OR cmnd LIKE \"%\"?\"%\""}
{"level":"info","message":"SELECT  * FROM user WHERE name LIKE \"%\"?\"%\" OR mobile LIKE \"%\"?\"%\" OR email LIKE \"%\"?\"%\" OR cmnd LIKE \"%\"?\"%\""}
{"level":"info","message":"SELECT  * FROM user WHERE name LIKE \"%\"?\"%\" OR mobile LIKE \"%\"?\"%\" OR email LIKE \"%\"?\"%\" OR cmnd LIKE \"%\"?\"%\""}
{"0":{"time":"4:29:55"},"1":{"id":"search"},"level":"info","message":"Select*from user where id_user = "}
{"0":{"time":"4:29:55"},"1":{"id":"search"},"level":"info","message":"Select*from user where id_user = "}
{"0":{"time":"4:29:55"},"1":{"id":"search"},"level":"info","message":"Select*from user where id_user = "}
{"0":{"time":"4:29:55"},"1":{"id":"search"},"level":"info","message":"Select*from user where id_user = "}
{"level":"error","message":{}}
{"level":"error","message":{}}
{"0":{"time":"4:32:57"},"1":{"id":"search"},"level":"info","message":"Select*from user where id_user = "}
{"level":"info","message":"Select*from user","time":"4:32:57"}
{"0":{"search":"d"},"1":{"time":"4:33:54"},"level":"info","message":"SELECT  * FROM user WHERE name LIKE \"%\"?\"%\" OR mobile LIKE \"%\"?\"%\" OR email LIKE \"%\"?\"%\" OR cmnd LIKE \"%\"?\"%\""}
{"0":{"search":"sda"},"1":{"time":"4:33:54"},"level":"info","message":"SELECT  * FROM user WHERE name LIKE \"%\"?\"%\" OR mobile LIKE \"%\"?\"%\" OR email LIKE \"%\"?\"%\" OR cmnd LIKE \"%\"?\"%\""}
{"0":{"search":"094846"},"1":{"time":"4:33:54"},"level":"info","message":"SELECT  * FROM user WHERE name LIKE \"%\"?\"%\" OR mobile LIKE \"%\"?\"%\" OR email LIKE \"%\"?\"%\" OR cmnd LIKE \"%\"?\"%\""}
{"0":{"search":"ng"},"1":{"time":"4:33:54"},"level":"info","message":"SELECT  * FROM user WHERE name LIKE \"%\"?\"%\" OR mobile LIKE \"%\"?\"%\" OR email LIKE \"%\"?\"%\" OR cmnd LIKE \"%\"?\"%\""}
{"0":{"search":"86@"},"1":{"time":"4:33:54"},"level":"info","message":"SELECT  * FROM user WHERE name LIKE \"%\"?\"%\" OR mobile LIKE \"%\"?\"%\" OR email LIKE \"%\"?\"%\" OR cmnd LIKE \"%\"?\"%\""}
{"level":"info","message":"Select*from user","time":"4:38:59"}
{"level":"info","message":"Select*from user","time":"4:38:59"}
{"level":"info","message":"Select*from user","time":"4:38:59"}
{"level":"info","message":"Select*from user","time":"4:38:59"}
{"level":"info","message":"Select*from user","time":"4:38:59"}
