{"level":"info","message":"Select*from user","time":"8:20:42"}
{"level":"info","message":"Select*from rental","time":"8:20:42"}
{"level":"info","message":"Select*from rental","time":"8:20:42"}
{"level":"info","message":"Select*from rental","time":"8:20:42"}
{"level":"info","message":"Select*from rental","time":"8:20:42"}
{"level":"info","message":"Select*from rental","time":"9:10:55"}
{"level":"info","message":"Select*from rental","time":"9:11:13"}
{"level":"info","message":"Select*from rental","time":"9:11:13"}
{"level":"info","message":"Select*from rental","time":"9:11:13"}
{"level":"info","message":"Select*from rental","time":"9:11:13"}
{"level":"info","message":"Select*from rental","time":"9:11:57"}
{"level":"info","message":"Select*from rental","time":"9:11:57"}
{"level":"info","message":"Select*from rental","time":"9:11:57"}
{"level":"info","message":"Select*from rental","time":"9:12:4"}
{"level":"info","message":"Select*from rental","time":"9:12:4"}
{"level":"info","message":"Select*from rental","time":"9:12:4"}
{"level":"info","message":"Select*from rental","time":"9:12:4"}
{"level":"info","message":"Select*from rental","time":"9:12:4"}
{"level":"info","message":"Select*from rental","time":"9:12:29"}
{"level":"info","message":"Select*from rental","time":"9:14:26"}
{"level":"info","message":"Select*from rental","time":"9:14:26"}
{"level":"info","message":"Select*from rental","time":"9:14:26"}
{"level":"info","message":"Select*from rental","time":"9:14:26"}
{"level":"info","message":"Select*from rental","time":"9:14:26"}
{"level":"info","message":"Select*from rental","time":"9:14:26"}
{"level":"info","message":"Select*from rental","time":"9:14:26"}
{"level":"info","message":"Select*from rental","time":"9:14:26"}
{"level":"info","message":"Select*from rental","time":"9:14:26"}
{"level":"info","message":"Select*from rental","time":"9:14:26"}
{"level":"info","message":"Select*from user","time":"9:14:26"}
{"level":"info","message":"Select*from rental","time":"9:14:26"}
{"level":"info","message":"Select*from rental","time":"9:15:24"}
{"level":"info","message":"Select*from rental","time":"9:15:24"}
{"level":"info","message":"Select*from rental","time":"9:16:7"}
{"level":"info","message":"Select*from rental","time":"9:16:26"}
{"level":"info","message":"Select*from rental","time":"9:16:26"}
{"level":"info","message":"Select*from rental","time":"9:16:26"}
{"level":"info","message":"Select*from rental","time":"9:16:26"}
{"level":"info","message":"Select*from rental","time":"9:16:31"}
{"level":"info","message":"Select*from rental","time":"9:16:59"}
{"level":"info","message":"Select*from rental","time":"9:17:21"}
{"level":"info","message":"Select*from rental","time":"9:17:36"}
{"level":"info","message":"Select*from rental","time":"9:17:58"}
{"level":"info","message":"Select*from rental","time":"9:17:58"}
{"level":"info","message":"Select*from rental","time":"9:17:58"}
{"level":"info","message":"Select*from rental","time":"9:17:58"}
{"level":"info","message":"Select*from rental","time":"9:17:58"}
{"level":"info","message":"Select*from rental","time":"9:18:6"}
{"level":"info","message":"Select*from rental","time":"9:18:15"}
{"level":"info","message":"Select*from rental","time":"9:29:54"}
{"level":"info","message":"Select*from rental","time":"9:30:23"}
{"level":"info","message":"Select*from rental","time":"9:57:48"}
{"level":"info","message":"Select*from user","time":"9:57:48"}
{"level":"info","message":"Select*from rental","time":"10:1:19"}
{"level":"info","message":"Select*from rental","time":"10:2:22"}
{"level":"info","message":"Select*from rental","time":"10:2:22"}
{"level":"info","message":"Select*from rental","time":"10:2:33"}
{"level":"info","message":"SELECT idrental, r.id_user, r.id_vehicle, name, mobile, name_vehicle, numb_regist, price, avatar FROM rental r, user u, vehicle v WHERE u.id_user = r.id_user AND v.id_vehicle = r.id_vehicle ORDER BY `idrental` DESC","time":"12:16:43"}
{"0":{"search":"as"},"1":{"time":"12:16:43"},"level":"info","message":"SELECT  * FROM rental WHERE namecus LIKE \"%\"?\"%\" OR phonecus LIKE \"%\"?\"%\" OR rentprice LIKE \"%\"?\"%\" OR numb_regist LIKE \"%\"?\"%\" ORDER BY `idrental` ASC"}
{"0":{"search":"a"},"1":{"time":"12:16:43"},"level":"info","message":"SELECT  * FROM rental WHERE namecus LIKE \"%\"?\"%\" OR phonecus LIKE \"%\"?\"%\" OR rentprice LIKE \"%\"?\"%\" OR numb_regist LIKE \"%\"?\"%\" ORDER BY `idrental` ASC"}
{"0":{"search":"1"},"1":{"time":"12:16:43"},"level":"info","message":"SELECT  * FROM rental WHERE namecus LIKE \"%\"?\"%\" OR phonecus LIKE \"%\"?\"%\" OR rentprice LIKE \"%\"?\"%\" OR numb_regist LIKE \"%\"?\"%\" ORDER BY `idrental` ASC"}
{"0":{"search":"9"},"1":{"time":"12:16:43"},"level":"info","message":"SELECT  * FROM rental WHERE namecus LIKE \"%\"?\"%\" OR phonecus LIKE \"%\"?\"%\" OR rentprice LIKE \"%\"?\"%\" OR numb_regist LIKE \"%\"?\"%\" ORDER BY `idrental` ASC"}
{"0":{"search":"9"},"1":{"time":"12:18:5"},"level":"info","message":"SELECT  * FROM rental WHERE namecus LIKE \"%\"?\"%\" OR phonecus LIKE \"%\"?\"%\" OR rentprice LIKE \"%\"?\"%\" OR numb_regist LIKE \"%\"?\"%\" ORDER BY `idrental` ASC"}
{"0":{"search":"as"},"1":{"time":"12:18:41"},"level":"info","message":"SELECT  * FROM rental WHERE namecus LIKE \"%\"?\"%\" OR phonecus LIKE \"%\"?\"%\" OR rentprice LIKE \"%\"?\"%\" OR numb_regist LIKE \"%\"?\"%\" ORDER BY `idrental` ASC"}
{"0":{"search":"as"},"1":{"time":"12:18:59"},"level":"info","message":"SELECT  * FROM rental WHERE namecus LIKE \"%\"?\"%\" OR phonecus LIKE \"%\"?\"%\" OR rentprice LIKE \"%\"?\"%\" OR numb_regist LIKE \"%\"?\"%\" ORDER BY `idrental` ASC"}
{"0":{"search":"as"},"1":{"time":"12:18:59"},"level":"info","message":"SELECT  * FROM rental WHERE namecus LIKE \"%\"?\"%\" OR phonecus LIKE \"%\"?\"%\" OR rentprice LIKE \"%\"?\"%\" OR numb_regist LIKE \"%\"?\"%\" ORDER BY `idrental` ASC"}
{"0":{"search":"as"},"1":{"time":"12:18:59"},"level":"info","message":"SELECT  * FROM rental WHERE namecus LIKE \"%\"?\"%\" OR phonecus LIKE \"%\"?\"%\" OR rentprice LIKE \"%\"?\"%\" OR numb_regist LIKE \"%\"?\"%\" ORDER BY `idrental` ASC"}
{"0":{"search":"as"},"1":{"time":"12:22:22"},"level":"info","message":"SELECT idrental, r.id_user, r.id_vehicle, name, mobile, name_vehicle, numb_regist, price, avatar FROM rental r, user u, vehicle v WHERE u.id_user = r.id_user AND v.id_vehicle = r.id_vehicle NaNNaNORDER BY `idrental` DESC"}
{"0":{"search":"as"},"1":{"time":"12:22:22"},"level":"info","message":"SELECT idrental, r.id_user, r.id_vehicle, name, mobile, name_vehicle, numb_regist, price, avatar FROM rental r, user u, vehicle v WHERE u.id_user = r.id_user AND v.id_vehicle = r.id_vehicle NaNNaNORDER BY `idrental` DESC"}
{"0":{"search":"as"},"1":{"time":"12:22:22"},"level":"info","message":"SELECT idrental, r.id_user, r.id_vehicle, name, mobile, name_vehicle, numb_regist, price, avatar FROM rental r, user u, vehicle v WHERE u.id_user = r.id_user AND v.id_vehicle = r.id_vehicle NaNNaNORDER BY `idrental` DESC"}
{"0":{"search":"ab"},"1":{"time":"12:22:22"},"level":"info","message":"SELECT idrental, r.id_user, r.id_vehicle, name, mobile, name_vehicle, numb_regist, price, avatar FROM rental r, user u, vehicle v WHERE u.id_user = r.id_user AND v.id_vehicle = r.id_vehicle NaNNaNORDER BY `idrental` DESC"}
{"0":{"search":"p"},"1":{"time":"12:22:22"},"level":"info","message":"SELECT idrental, r.id_user, r.id_vehicle, name, mobile, name_vehicle, numb_regist, price, avatar FROM rental r, user u, vehicle v WHERE u.id_user = r.id_user AND v.id_vehicle = r.id_vehicle NaNNaNORDER BY `idrental` DESC"}
{"0":{"search":"p"},"1":{"time":"12:22:22"},"level":"info","message":"SELECT idrental, r.id_user, r.id_vehicle, name, mobile, name_vehicle, numb_regist, price, avatar FROM rental r, user u, vehicle v WHERE u.id_user = r.id_user AND v.id_vehicle = r.id_vehicle NaNNaNORDER BY `idrental` DESC"}
{"0":{"search":"p"},"1":{"time":"12:22:22"},"level":"info","message":"SELECT idrental, r.id_user, r.id_vehicle, name, mobile, name_vehicle, numb_regist, price, avatar FROM rental r, user u, vehicle v WHERE u.id_user = r.id_user AND v.id_vehicle = r.id_vehicle NaNNaNORDER BY `idrental` DESC"}
{"0":{"search":"p"},"1":{"time":"12:22:22"},"level":"info","message":"SELECT idrental, r.id_user, r.id_vehicle, name, mobile, name_vehicle, numb_regist, price, avatar FROM rental r, user u, vehicle v WHERE u.id_user = r.id_user AND v.id_vehicle = r.id_vehicle NaNNaNORDER BY `idrental` DESC"}
{"0":{"search":"p"},"1":{"time":"12:25:24"},"level":"info","message":"SELECT idrental, r.id_user, r.id_vehicle, name, mobile, name_vehicle, numb_regist, price, avatar FROM rental r, user u, vehicle v WHERE u.id_user = r.id_user AND v.id_vehicle = r.id_vehicle NaNNaNORDER BY `idrental` DESC"}
{"0":{"search":"p"},"1":{"time":"12:26:9"},"level":"info","message":"SELECT idrental, r.id_user, r.id_vehicle, name, mobile, name_vehicle, numb_regist, price, avatar FROM rental r, user u, vehicle v WHERE u.id_user = r.id_user AND v.id_vehicle = r.id_vehicle NaNNaNORDER BY `idrental` DESC"}
{"0":{"search":"p"},"1":{"time":"12:38:21"},"level":"info","message":"SELECT idrental, r.id_user, r.id_vehicle, name, mobile, name_vehicle, numb_regist, price, avatar FROM rental r, user u, vehicle v WHERE u.id_user = r.id_user AND v.id_vehicle = r.id_vehicle NaNNaNORDER BY `idrental` DESC"}
{"0":{"search":"p"},"1":{"time":"12:38:21"},"level":"info","message":"SELECT idrental, r.id_user, r.id_vehicle, name, mobile, name_vehicle, numb_regist, price, avatar FROM rental r, user u, vehicle v WHERE u.id_user = r.id_user AND v.id_vehicle = r.id_vehicle NaNNaNORDER BY `idrental` DESC"}
{"0":{"search":"p"},"1":{"time":"12:38:21"},"level":"info","message":"SELECT idrental, r.id_user, r.id_vehicle, name, mobile, name_vehicle, numb_regist, price, avatar FROM rental r, user u, vehicle v WHERE u.id_user = r.id_user AND v.id_vehicle = r.id_vehicle NaNNaNORDER BY `idrental` DESC"}
{"0":{"search":"p"},"1":{"time":"12:38:21"},"level":"info","message":"SELECT idrental, r.id_user, r.id_vehicle, name, mobile, name_vehicle, numb_regist, price, avatar FROM rental r, user u, vehicle v WHERE u.id_user = r.id_user AND v.id_vehicle = r.id_vehicle NaNNaNORDER BY `idrental` DESC"}
{"0":{"search":"p"},"1":{"time":"12:38:21"},"level":"info","message":"SELECT idrental, r.id_user, r.id_vehicle, name, mobile, name_vehicle, numb_regist, price, avatar FROM rental r, user u, vehicle v WHERE u.id_user = r.id_user AND v.id_vehicle = r.id_vehicle NaNNaNORDER BY `idrental` DESC"}
{"0":{"search":"p"},"1":{"time":"12:40:51"},"level":"info","message":"SELECT idrental, r.id_user, r.id_vehicle, name, mobile, name_vehicle, numb_regist, price, avatar FROM rental r, user u, vehicle v WHERE u.id_user = r.id_user AND v.id_vehicle = r.id_vehicle NaNNaNORDER BY `idrental` DESC"}
{"0":{"search":"p"},"1":{"time":"12:41:24"},"level":"info","message":"SELECT idrental, r.id_user, r.id_vehicle, name, mobile, name_vehicle, numb_regist, price, avatar FROM rental r, user u, vehicle v WHERE u.id_user = r.id_user AND v.id_vehicle = r.id_vehicle NaNNaNORDER BY `idrental` DESC"}
{"0":{"search":"p"},"1":{"time":"12:43:33"},"level":"info","message":"SELECT idrental, r.id_user, r.id_vehicle, name, mobile, name_vehicle, numb_regist, price, avatar FROM rental r, user u, vehicle v WHERE u.id_user = r.id_user AND v.id_vehicle = r.id_vehicle NaNNaNORDER BY `idrental` DESC"}
{"0":{"search":"0948"},"1":{"time":"12:43:33"},"level":"info","message":"SELECT idrental, r.id_user, r.id_vehicle, name, mobile, name_vehicle, numb_regist, price, avatar FROM rental r, user u, vehicle v WHERE u.id_user = r.id_user AND v.id_vehicle = r.id_vehicle NaNNaNORDER BY `idrental` DESC"}
{"0":{"search":"09494"},"1":{"time":"12:43:33"},"level":"info","message":"SELECT idrental, r.id_user, r.id_vehicle, name, mobile, name_vehicle, numb_regist, price, avatar FROM rental r, user u, vehicle v WHERE u.id_user = r.id_user AND v.id_vehicle = r.id_vehicle NaNNaNORDER BY `idrental` DESC"}
{"0":{"search":"0942"},"1":{"time":"12:43:33"},"level":"info","message":"SELECT idrental, r.id_user, r.id_vehicle, name, mobile, name_vehicle, numb_regist, price, avatar FROM rental r, user u, vehicle v WHERE u.id_user = r.id_user AND v.id_vehicle = r.id_vehicle NaNNaNORDER BY `idrental` DESC"}
{"0":{"search":"0948"},"1":{"time":"12:43:33"},"level":"info","message":"SELECT idrental, r.id_user, r.id_vehicle, name, mobile, name_vehicle, numb_regist, price, avatar FROM rental r, user u, vehicle v WHERE u.id_user = r.id_user AND v.id_vehicle = r.id_vehicle NaNNaNORDER BY `idrental` DESC"}
{"0":{"search":"p"},"1":{"time":"12:43:33"},"level":"info","message":"SELECT idrental, r.id_user, r.id_vehicle, name, mobile, name_vehicle, numb_regist, price, avatar FROM rental r, user u, vehicle v WHERE u.id_user = r.id_user AND v.id_vehicle = r.id_vehicle NaNNaNORDER BY `idrental` DESC"}
{"0":{"search":"t"},"1":{"time":"12:43:33"},"level":"info","message":"SELECT idrental, r.id_user, r.id_vehicle, name, mobile, name_vehicle, numb_regist, price, avatar FROM rental r, user u, vehicle v WHERE u.id_user = r.id_user AND v.id_vehicle = r.id_vehicle NaNNaNORDER BY `idrental` DESC"}
{"0":{"search":"094845"},"1":{"time":"12:43:33"},"level":"info","message":"SELECT idrental, r.id_user, r.id_vehicle, name, mobile, name_vehicle, numb_regist, price, avatar FROM rental r, user u, vehicle v WHERE u.id_user = r.id_user AND v.id_vehicle = r.id_vehicle NaNNaNORDER BY `idrental` DESC"}
{"0":{"search":"094845"},"1":{"time":"12:44:49"},"level":"info","message":"SELECT idrental, r.id_user, r.id_vehicle, name, mobile, name_vehicle, numb_regist, price, avatar FROM rental r, user u, vehicle v WHERE u.id_user = r.id_user AND v.id_vehicle = r.id_vehicle NaNNaNORDER BY `idrental` DESC"}
{"0":{"search":"0948"},"1":{"time":"12:44:49"},"level":"info","message":"SELECT idrental, r.id_user, r.id_vehicle, name, mobile, name_vehicle, numb_regist, price, avatar FROM rental r, user u, vehicle v WHERE u.id_user = r.id_user AND v.id_vehicle = r.id_vehicle NaNNaNORDER BY `idrental` DESC"}
{"0":{"search":"0948"},"1":{"time":"12:45:8"},"level":"info","message":"SELECT idrental, r.id_user, r.id_vehicle, name, mobile, name_vehicle, numb_regist, price, avatar FROM rental r, user u, vehicle v WHERE u.id_user = r.id_user AND v.id_vehicle = r.id_vehicle NaNNaNORDER BY `idrental` DESC"}
{"0":{"search":"375"},"1":{"time":"12:45:8"},"level":"info","message":"SELECT idrental, r.id_user, r.id_vehicle, name, mobile, name_vehicle, numb_regist, price, avatar FROM rental r, user u, vehicle v WHERE u.id_user = r.id_user AND v.id_vehicle = r.id_vehicle NaNNaNORDER BY `idrental` DESC"}
{"0":{"search":"1"},"1":{"time":"12:45:8"},"level":"info","message":"SELECT idrental, r.id_user, r.id_vehicle, name, mobile, name_vehicle, numb_regist, price, avatar FROM rental r, user u, vehicle v WHERE u.id_user = r.id_user AND v.id_vehicle = r.id_vehicle NaNNaNORDER BY `idrental` DESC"}
{"level":"info","message":"Select*from user","time":"15:11:23"}
{"level":"info","message":"SELECT idrental, r.id_user, r.id_vehicle, name, mobile, name_vehicle, numb_regist, price, avatar FROM rental r, user u, vehicle v WHERE u.id_user = r.id_user AND v.id_vehicle = r.id_vehicle ORDER BY `idrental` DESC","time":"15:11:23"}
